Arguments: 
  D:\node.exe C:\Users\mrruler\AppData\Roaming\npm\node_modules\yarn\bin\yarn.js install

PATH: 
  C:\Program Files\Common Files\Oracle\Java\javapath;C:\Program Files (x86)\Common Files\Oracle\Java\javapath;C:\Program Files (x86)\Common Files\Intel\Shared Libraries\redist\intel64\compiler;C:\WINDOWS\system32;C:\WINDOWS;C:\WINDOWS\System32\Wbem;C:\WINDOWS\System32\WindowsPowerShell\v1.0\;C:\WINDOWS\System32\OpenSSH\;C:\Program Files (x86)\ATI Technologies\ATI.ACE\Core-Static;C:\Program Files (x86)\AMD\ATI.ACE\Core-Static;C:\Program Files\dotnet\;D:\;D:\Microsoft VS Code\bin;C:\Program Files\Git\cmd;C:\Users\mrruler\AppData\Local\Microsoft\WindowsApps;C:\Users\mrruler\AppData\Roaming\npm

Yarn version: 
  1.22.19

Node version: 
  16.16.0

Platform: 
  win32 x64

Trace: 
  Error: read ECONNRESET
      at TLSWrap.onStreamRead (node:internal/stream_base_commons:217:20)

npm manifest: 
  {
    "name": "contact-phone",
    "version": "0.1.0",
    "private": true,
    "dependencies": {
      "@heroicons/react": "^1.0.1",
      "@reduxjs/toolkit": "^1.8.6",
      "@testing-library/jest-dom": "^5.16.5",
      "@testing-library/react": "^13.4.0",
      "@testing-library/user-event": "^13.5.0",
      "axios": "^1.0.0",
      "heroicons": "^2.0.12",
      "react": "^18.2.0",
      "react-dom": "^18.2.0",
      "react-redux": "^8.0.4",
      "react-router-dom": "^6.4.1",
      "react-scripts": "5.0.1",
      "react-table": "^7.7.0",
      "redux-logger": "^3.0.6",
      "redux-persist": "^6.0.0",
      "redux-toolkit": "^1.1.2",
      "web-vitals": "^2.1.4"
    },
    "scripts": {
      "start": "react-scripts start",
      "build": "react-scripts build",
      "test": "react-scripts test",
      "eject": "react-scripts eject"
    },
    "eslintConfig": {
      "extends": [
        "react-app",
        "react-app/jest"
      ]
    },
    "browserslist": {
      "production": [
        ">0.2%",
        "not dead",
        "not op_mini all"
      ],
      "development": [
        "last 1 chrome version",
        "last 1 firefox version",
        "last 1 safari version"
      ]
    },
    "devDependencies": {
      "autoprefixer": "^10.4.11",
      "postcss": "^8.4.16",
      "tailwindcss": "^3.1.8"
    }
  }

yarn manifest: 
  No manifest

Lockfile: 
  No lockfile
